1513617733376	geckodriver	INFO	geckodriver 0.19.0
1513617733382	geckodriver	INFO	Listening on 127.0.0.1:54849
1513617735476	mozrunner::runner	INFO	Running command: "C:\\Program Files\\Mozilla Firefox\\firefox.exe" "-marionette" "-profile" "C:\\Users\\RAPHAE~1\\AppData\\Local\\Temp\\rust_mozprofile.tMvb3AjQyJi2"
1513617735919	addons.manager	DEBUG	Application has been upgraded
1513617735952	addons.manager	DEBUG	Loaded provider scope for resource://gre/modules/addons/XPIProvider.jsm: ["XPIProvider", "XPIInternal"]
1513617735955	addons.manager	DEBUG	Loaded provider scope for resource://gre/modules/LightweightThemeManager.jsm: ["LightweightThemeManager"]
1513617735977	addons.manager	DEBUG	Loaded provider scope for resource://gre/modules/addons/GMPProvider.jsm
1513617735979	addons.manager	DEBUG	Loaded provider scope for resource://gre/modules/addons/PluginProvider.jsm
1513617735979	addons.manager	DEBUG	Starting provider: XPIProvider
1513617735979	addons.xpi	DEBUG	startup
1513617735980	addons.xpi	INFO	SystemAddonInstallLocation directory is missing
1513617735980	addons.xpi	INFO	Removing all system add-on upgrades.
1513617735980	addons.xpi	DEBUG	checkForChanges
1513617735981	addons.xpi	DEBUG	Loaded add-on state: ${}
1513617735982	addons.xpi	INFO	Mapping activity-stream@mozilla.org to C:\Program Files\Mozilla Firefox\browser\features\activity-stream@mozilla.org.xpi
1513617735982	addons.xpi	INFO	Mapping aushelper@mozilla.org to C:\Program Files\Mozilla Firefox\browser\features\aushelper@mozilla.org.xpi
1513617735982	addons.xpi	INFO	Mapping e10srollout@mozilla.org to C:\Program Files\Mozilla Firefox\browser\features\e10srollout@mozilla.org.xpi
1513617735982	addons.xpi	INFO	Mapping firefox@getpocket.com to C:\Program Files\Mozilla Firefox\browser\features\firefox@getpocket.com.xpi
1513617735982	addons.xpi	INFO	Mapping followonsearch@mozilla.com to C:\Program Files\Mozilla Firefox\browser\features\followonsearch@mozilla.com.xpi
1513617735982	addons.xpi	INFO	Mapping formautofill@mozilla.org to C:\Program Files\Mozilla Firefox\browser\features\formautofill@mozilla.org.xpi
1513617735982	addons.xpi	INFO	Mapping onboarding@mozilla.org to C:\Program Files\Mozilla Firefox\browser\features\onboarding@mozilla.org.xpi
1513617735982	addons.xpi	INFO	Mapping screenshots@mozilla.org to C:\Program Files\Mozilla Firefox\browser\features\screenshots@mozilla.org.xpi
1513617735982	addons.xpi	INFO	Mapping shield-recipe-client@mozilla.org to C:\Program Files\Mozilla Firefox\browser\features\shield-recipe-client@mozilla.org.xpi
1513617735983	addons.xpi	INFO	Mapping webcompat@mozilla.org to C:\Program Files\Mozilla Firefox\browser\features\webcompat@mozilla.org.xpi
1513617735983	addons.xpi	DEBUG	New add-on activity-stream@mozilla.org in app-system-defaults
1513617735984	addons.xpi	INFO	Mapping activity-stream@mozilla.org to C:\Program Files\Mozilla Firefox\browser\features\activity-stream@mozilla.org.xpi
1513617735985	addons.xpi	DEBUG	New add-on aushelper@mozilla.org in app-system-defaults
1513617735985	addons.xpi	INFO	Mapping aushelper@mozilla.org to C:\Program Files\Mozilla Firefox\browser\features\aushelper@mozilla.org.xpi
1513617735985	addons.xpi	DEBUG	New add-on e10srollout@mozilla.org in app-system-defaults
1513617735986	addons.xpi	INFO	Mapping e10srollout@mozilla.org to C:\Program Files\Mozilla Firefox\browser\features\e10srollout@mozilla.org.xpi
1513617735986	addons.xpi	DEBUG	New add-on firefox@getpocket.com in app-system-defaults
1513617735986	addons.xpi	INFO	Mapping firefox@getpocket.com to C:\Program Files\Mozilla Firefox\browser\features\firefox@getpocket.com.xpi
1513617735986	addons.xpi	DEBUG	New add-on followonsearch@mozilla.com in app-system-defaults
1513617735987	addons.xpi	INFO	Mapping followonsearch@mozilla.com to C:\Program Files\Mozilla Firefox\browser\features\followonsearch@mozilla.com.xpi
1513617735987	addons.xpi	DEBUG	New add-on formautofill@mozilla.org in app-system-defaults
1513617735987	addons.xpi	INFO	Mapping formautofill@mozilla.org to C:\Program Files\Mozilla Firefox\browser\features\formautofill@mozilla.org.xpi
1513617735987	addons.xpi	DEBUG	New add-on onboarding@mozilla.org in app-system-defaults
1513617735987	addons.xpi	INFO	Mapping onboarding@mozilla.org to C:\Program Files\Mozilla Firefox\browser\features\onboarding@mozilla.org.xpi
1513617735988	addons.xpi	DEBUG	New add-on screenshots@mozilla.org in app-system-defaults
1513617735988	addons.xpi	INFO	Mapping screenshots@mozilla.org to C:\Program Files\Mozilla Firefox\browser\features\screenshots@mozilla.org.xpi
1513617735988	addons.xpi	DEBUG	New add-on shield-recipe-client@mozilla.org in app-system-defaults
1513617735988	addons.xpi	INFO	Mapping shield-recipe-client@mozilla.org to C:\Program Files\Mozilla Firefox\browser\features\shield-recipe-client@mozilla.org.xpi
1513617735988	addons.xpi	DEBUG	New add-on webcompat@mozilla.org in app-system-defaults
1513617735988	addons.xpi	INFO	Mapping webcompat@mozilla.org to C:\Program Files\Mozilla Firefox\browser\features\webcompat@mozilla.org.xpi
1513617735989	addons.xpi	INFO	Mapping {972ce4c6-7e08-4474-a285-3208198ce6fd} to C:\Program Files\Mozilla Firefox\browser\extensions\{972ce4c6-7e08-4474-a285-3208198ce6fd}.xpi
1513617735989	addons.xpi	DEBUG	New add-on {972ce4c6-7e08-4474-a285-3208198ce6fd} in app-global
1513617735989	addons.xpi	INFO	Mapping {972ce4c6-7e08-4474-a285-3208198ce6fd} to C:\Program Files\Mozilla Firefox\browser\extensions\{972ce4c6-7e08-4474-a285-3208198ce6fd}.xpi
1513617735990	addons.xpi	DEBUG	getInstallState changed: true, state: {}
1513617735990	addons.xpi	INFO	SystemAddonInstallLocation directory is missing
1513617735995	addons.xpi-utils	DEBUG	Opening XPI database C:\Users\Raphael Damasceno\AppData\Local\Temp\rust_mozprofile.tMvb3AjQyJi2\extensions.json
1513617735996	addons.xpi-utils	DEBUG	New add-on activity-stream@mozilla.org installed in app-system-defaults
*** Blocklist::_loadBlocklistFromFile: blocklist is disabled
1513617736225	DeferredSave.extensions.json	DEBUG	Save changes
1513617736226	addons.xpi-utils	DEBUG	New add-on aushelper@mozilla.org installed in app-system-defaults
1513617736238	DeferredSave.extensions.json	DEBUG	Starting timer
1513617736239	DeferredSave.extensions.json	DEBUG	Save changes
1513617736239	addons.xpi-utils	DEBUG	New add-on e10srollout@mozilla.org installed in app-system-defaults
1513617736253	DeferredSave.extensions.json	DEBUG	Save changes
1513617736254	addons.xpi-utils	DEBUG	New add-on firefox@getpocket.com installed in app-system-defaults
1513617736280	DeferredSave.extensions.json	DEBUG	Save changes
1513617736280	addons.xpi-utils	DEBUG	New add-on followonsearch@mozilla.com installed in app-system-defaults
1513617736294	DeferredSave.extensions.json	DEBUG	Save changes
1513617736294	addons.xpi-utils	DEBUG	New add-on formautofill@mozilla.org installed in app-system-defaults
1513617736335	DeferredSave.extensions.json	DEBUG	Save changes
1513617736335	addons.xpi-utils	DEBUG	New add-on onboarding@mozilla.org installed in app-system-defaults
1513617736415	DeferredSave.extensions.json	DEBUG	Save changes
1513617736415	addons.xpi-utils	DEBUG	New add-on screenshots@mozilla.org installed in app-system-defaults
1513617736431	DeferredSave.extensions.json	DEBUG	Save changes
1513617736431	addons.xpi-utils	DEBUG	New add-on shield-recipe-client@mozilla.org installed in app-system-defaults
1513617736451	DeferredSave.extensions.json	DEBUG	Save changes
1513617736451	addons.xpi-utils	DEBUG	New add-on webcompat@mozilla.org installed in app-system-defaults
1513617736467	DeferredSave.extensions.json	DEBUG	Save changes
1513617736467	addons.xpi-utils	DEBUG	New add-on {972ce4c6-7e08-4474-a285-3208198ce6fd} installed in app-global
1513617736480	DeferredSave.extensions.json	DEBUG	Save changes
1513617736480	addons.manager	DEBUG	Registering startup change 'installed' for activity-stream@mozilla.org
1513617736488	addons.xpi	DEBUG	Loading bootstrap scope from C:\Program Files\Mozilla Firefox\browser\features\activity-stream@mozilla.org.xpi
1513617736490	addons.xpi	DEBUG	Calling bootstrap method install on activity-stream@mozilla.org version 2017.11.07.1100-7f4e3634
1513617736490	addons.xpi-utils	DEBUG	Make addon app-system-defaults:activity-stream@mozilla.org visible
1513617736490	addons.xpi	DEBUG	Updating XPIState for {"id":"activity-stream@mozilla.org","syncGUID":"{10e34623-90c4-48df-b920-3a7ebfbfa9ce}","location":"app-system-defaults","version":"2017.11.07.1100-7f4e3634","type":"extension","internalName":null,"updateURL":null,"updateKey":null,"optionsURL":null,"optionsType":null,"aboutURL":null,"defaultLocale":{"name":"Activity Stream","description":"A rich visual history feed and a reimagined home page make it easier than ever to find exactly what you're looking for in Firefox.","creator":null,"homepageURL":null},"visible":true,"active":false,"userDisabled":false,"appDisabled":false,"installDate":1510498102665,"updateDate":1510498102665,"applyBackgroundUpdates":1,"bootstrap":true,"path":"C:\\Program Files\\Mozilla Firefox\\browser\\features\\activity-stream@mozilla.org.xpi","skinnable":false,"size":1423180,"sourceURI":null,"releaseNotesURI":null,"softDisabled":false,"foreignInstall":false,"hasBinaryComponents":false,"strictCompatibility":false,"locales":[],"targetApplications":[{"id":"{ec8030f7-c20a-464f-9b0e-13a3a9e97384}","minVersion":"57.0","maxVersion":"57.*"}],"targetPlatforms":[],"multiprocessCompatible":true,"seen":true,"dependencies":[],"hasEmbeddedWebExtension":false,"mpcOptedOut":false,"userPermissions":null,"icons":{},"iconURL":null,"icon64URL":null,"blocklistState":0,"blocklistURL":null}
1513617736492	DeferredSave.extensions.json	DEBUG	Save changes
1513617736492	addons.manager	DEBUG	Registering startup change 'installed' for aushelper@mozilla.org
1513617736493	addons.xpi	DEBUG	Loading bootstrap scope from C:\Program Files\Mozilla Firefox\browser\features\aushelper@mozilla.org.xpi
1513617736494	addons.xpi	DEBUG	Calling bootstrap method install on aushelper@mozilla.org version 2.0
1513617736494	addons.xpi-utils	DEBUG	Make addon app-system-defaults:aushelper@mozilla.org visible
1513617736494	addons.xpi	DEBUG	Updating XPIState for {"id":"aushelper@mozilla.org","syncGUID":"{f008cb1e-40a3-4996-a48c-9cb1889d4cc2}","location":"app-system-defaults","version":"2.0","type":"extension","internalName":null,"updateURL":null,"updateKey":null,"optionsURL":null,"optionsType":null,"aboutURL":null,"defaultLocale":{"name":"Application Update Service Helper","description":"Sets value(s) in the update url based on custom checks.","creator":null,"homepageURL":null},"visible":true,"active":false,"userDisabled":false,"appDisabled":false,"installDate":1510498102666,"updateDate":1510498102666,"applyBackgroundUpdates":1,"bootstrap":true,"path":"C:\\Program Files\\Mozilla Firefox\\browser\\features\\aushelper@mozilla.org.xpi","skinnable":false,"size":8486,"sourceURI":null,"releaseNotesURI":null,"softDisabled":false,"foreignInstall":false,"hasBinaryComponents":false,"strictCompatibility":false,"locales":[],"targetApplications":[{"id":"{ec8030f7-c20a-464f-9b0e-13a3a9e97384}","minVersion":"57.0","maxVersion":"57.*"}],"targetPlatforms":[],"multiprocessCompatible":true,"seen":true,"dependencies":[],"hasEmbeddedWebExtension":false,"mpcOptedOut":false,"userPermissions":null,"icons":{},"iconURL":null,"icon64URL":null,"blocklistState":0,"blocklistURL":null}
1513617736495	DeferredSave.extensions.json	DEBUG	Save changes
1513617736495	addons.manager	DEBUG	Registering startup change 'installed' for e10srollout@mozilla.org
1513617736495	addons.xpi	DEBUG	Loading bootstrap scope from C:\Program Files\Mozilla Firefox\browser\features\e10srollout@mozilla.org.xpi
1513617736504	addons.xpi	DEBUG	Calling bootstrap method install on e10srollout@mozilla.org version 3.05
1513617736505	addons.xpi-utils	DEBUG	Make addon app-system-defaults:e10srollout@mozilla.org visible
1513617736505	addons.xpi	DEBUG	Updating XPIState for {"id":"e10srollout@mozilla.org","syncGUID":"{219fc298-d5e0-4d02-a8b9-aeee808daa3e}","location":"app-system-defaults","version":"3.05","type":"extension","internalName":null,"updateURL":null,"updateKey":null,"optionsURL":null,"optionsType":null,"aboutURL":null,"defaultLocale":{"name":"Multi-process staged rollout","description":"Staged rollout of Firefox multi-process feature.","creator":null,"homepageURL":null},"visible":true,"active":false,"userDisabled":false,"appDisabled":false,"installDate":1510498102666,"updateDate":1510498102666,"applyBackgroundUpdates":1,"bootstrap":true,"path":"C:\\Program Files\\Mozilla Firefox\\browser\\features\\e10srollout@mozilla.org.xpi","skinnable":false,"size":13477,"sourceURI":null,"releaseNotesURI":null,"softDisabled":false,"foreignInstall":false,"hasBinaryComponents":false,"strictCompatibility":false,"locales":[],"targetApplications":[{"id":"{ec8030f7-c20a-464f-9b0e-13a3a9e97384}","minVersion":"57.0","maxVersion":"57.*"}],"targetPlatforms":[],"multiprocessCompatible":true,"seen":true,"dependencies":[],"hasEmbeddedWebExtension":false,"mpcOptedOut":false,"userPermissions":null,"icons":{},"iconURL":null,"icon64URL":null,"blocklistState":0,"blocklistURL":null}
1513617736505	DeferredSave.extensions.json	DEBUG	Save changes
1513617736505	addons.manager	DEBUG	Registering startup change 'installed' for firefox@getpocket.com
1513617736506	addons.xpi	DEBUG	Loading bootstrap scope from C:\Program Files\Mozilla Firefox\browser\features\firefox@getpocket.com.xpi
1513617736510	addons.xpi	DEBUG	Calling bootstrap method install on firefox@getpocket.com version 1.0.5
1513617736510	addons.xpi-utils	DEBUG	Make addon app-system-defaults:firefox@getpocket.com visible
1513617736510	addons.xpi	DEBUG	Updating XPIState for {"id":"firefox@getpocket.com","syncGUID":"{b097d2fb-ddee-487a-aeae-8441871f1e90}","location":"app-system-defaults","version":"1.0.5","type":"extension","internalName":null,"updateURL":null,"updateKey":null,"optionsURL":null,"optionsType":null,"aboutURL":null,"defaultLocale":{"name":"Pocket","description":"When you find something you want to view later, put it in Pocket.","creator":null,"homepageURL":null},"visible":true,"active":false,"userDisabled":false,"appDisabled":false,"installDate":1510498102672,"updateDate":1510498102672,"applyBackgroundUpdates":1,"bootstrap":true,"path":"C:\\Program Files\\Mozilla Firefox\\browser\\features\\firefox@getpocket.com.xpi","skinnable":false,"size":914806,"sourceURI":null,"releaseNotesURI":null,"softDisabled":false,"foreignInstall":false,"hasBinaryComponents":false,"strictCompatibility":false,"locales":[],"targetApplications":[{"id":"{ec8030f7-c20a-464f-9b0e-13a3a9e97384}","minVersion":"57.0","maxVersion":"57.*"}],"targetPlatforms":[],"multiprocessCompatible":true,"seen":true,"dependencies":[],"hasEmbeddedWebExtension":false,"mpcOptedOut":false,"userPermissions":null,"icons":{},"iconURL":null,"icon64URL":null,"blocklistState":0,"blocklistURL":null}
1513617736510	DeferredSave.extensions.json	DEBUG	Save changes
1513617736510	addons.manager	DEBUG	Registering startup change 'installed' for followonsearch@mozilla.com
1513617736511	addons.xpi	DEBUG	Loading bootstrap scope from C:\Program Files\Mozilla Firefox\browser\features\followonsearch@mozilla.com.xpi
1513617736512	addons.xpi	DEBUG	Calling bootstrap method install on followonsearch@mozilla.com version 0.9.6
1513617736512	addons.xpi-utils	DEBUG	Make addon app-system-defaults:followonsearch@mozilla.com visible
1513617736512	addons.xpi	DEBUG	Updating XPIState for {"id":"followonsearch@mozilla.com","syncGUID":"{dca40dbc-6fb5-4e4b-9928-f1f86391e641}","location":"app-system-defaults","version":"0.9.6","type":"extension","internalName":null,"updateURL":null,"updateKey":null,"optionsURL":null,"optionsType":null,"aboutURL":null,"defaultLocale":{"name":"Follow-on Search Telemetry","description":null,"creator":null,"homepageURL":null},"visible":true,"active":false,"userDisabled":false,"appDisabled":false,"installDate":1510498102674,"updateDate":1510498102674,"applyBackgroundUpdates":1,"bootstrap":true,"path":"C:\\Program Files\\Mozilla Firefox\\browser\\features\\followonsearch@mozilla.com.xpi","skinnable":false,"size":18625,"sourceURI":null,"releaseNotesURI":null,"softDisabled":false,"foreignInstall":false,"hasBinaryComponents":false,"strictCompatibility":false,"locales":[],"targetApplications":[{"id":"{ec8030f7-c20a-464f-9b0e-13a3a9e97384}","minVersion":"52.0","maxVersion":"59.*"}],"targetPlatforms":[],"multiprocessCompatible":true,"seen":true,"dependencies":[],"hasEmbeddedWebExtension":false,"mpcOptedOut":false,"userPermissions":null,"icons":{},"iconURL":null,"icon64URL":null,"blocklistState":0,"blocklistURL":null}
1513617736513	DeferredSave.extensions.json	DEBUG	Save changes
1513617736513	addons.manager	DEBUG	Registering startup change 'installed' for formautofill@mozilla.org
1513617736513	addons.xpi	DEBUG	Loading bootstrap scope from C:\Program Files\Mozilla Firefox\browser\features\formautofill@mozilla.org.xpi
1513617736514	addons.xpi	DEBUG	Calling bootstrap method install on formautofill@mozilla.org version 1.0
1513617736514	addons.xpi-utils	DEBUG	Make addon app-system-defaults:formautofill@mozilla.org visible
1513617736515	addons.xpi	DEBUG	Updating XPIState for {"id":"formautofill@mozilla.org","syncGUID":"{37d64132-db71-47be-9c19-f9cbb4549a5e}","location":"app-system-defaults","version":"1.0","type":"extension","internalName":null,"updateURL":null,"updateKey":null,"optionsURL":null,"optionsType":null,"aboutURL":null,"defaultLocale":{"name":"Form Autofill","description":"Autofill forms with saved profiles","creator":null,"homepageURL":null},"visible":true,"active":false,"userDisabled":false,"appDisabled":false,"installDate":1510498102677,"updateDate":1510498102677,"applyBackgroundUpdates":1,"bootstrap":true,"path":"C:\\Program Files\\Mozilla Firefox\\browser\\features\\formautofill@mozilla.org.xpi","skinnable":false,"size":380179,"sourceURI":null,"releaseNotesURI":null,"softDisabled":false,"foreignInstall":false,"hasBinaryComponents":false,"strictCompatibility":false,"locales":[],"targetApplications":[{"id":"{ec8030f7-c20a-464f-9b0e-13a3a9e97384}","minVersion":"57.0","maxVersion":"57.*"}],"targetPlatforms":[],"multiprocessCompatible":true,"seen":true,"dependencies":[],"hasEmbeddedWebExtension":false,"mpcOptedOut":false,"userPermissions":null,"icons":{},"iconURL":null,"icon64URL":null,"blocklistState":0,"blocklistURL":null}
1513617736515	DeferredSave.extensions.json	DEBUG	Save changes
1513617736515	addons.manager	DEBUG	Registering startup change 'installed' for onboarding@mozilla.org
1513617736515	addons.xpi	DEBUG	Loading bootstrap scope from C:\Program Files\Mozilla Firefox\browser\features\onboarding@mozilla.org.xpi
1513617736517	addons.xpi	DEBUG	Calling bootstrap method install on onboarding@mozilla.org version 1.0
1513617736517	addons.xpi-utils	DEBUG	Make addon app-system-defaults:onboarding@mozilla.org visible
1513617736517	addons.xpi	DEBUG	Updating XPIState for {"id":"onboarding@mozilla.org","syncGUID":"{9b3cc7af-ea91-47c9-8903-8b459e533d90}","location":"app-system-defaults","version":"1.0","type":"extension","internalName":null,"updateURL":null,"updateKey":null,"optionsURL":null,"optionsType":null,"aboutURL":null,"defaultLocale":{"name":"Photon onboarding","description":"Photon onboarding","creator":null,"homepageURL":null},"visible":true,"active":false,"userDisabled":false,"appDisabled":false,"installDate":1510498102681,"updateDate":1510498102681,"applyBackgroundUpdates":1,"bootstrap":true,"path":"C:\\Program Files\\Mozilla Firefox\\browser\\features\\onboarding@mozilla.org.xpi","skinnable":false,"size":550104,"sourceURI":null,"releaseNotesURI":null,"softDisabled":false,"foreignInstall":false,"hasBinaryComponents":false,"strictCompatibility":false,"locales":[],"targetApplications":[{"id":"{ec8030f7-c20a-464f-9b0e-13a3a9e97384}","minVersion":"57.0","maxVersion":"57.*"}],"targetPlatforms":[],"multiprocessCompatible":true,"seen":true,"dependencies":[],"hasEmbeddedWebExtension":false,"mpcOptedOut":false,"userPermissions":null,"icons":{},"iconURL":null,"icon64URL":null,"blocklistState":0,"blocklistURL":null}
1513617736517	DeferredSave.extensions.json	DEBUG	Save changes
1513617736518	addons.manager	DEBUG	Registering startup change 'installed' for screenshots@mozilla.org
1513617736518	addons.xpi	DEBUG	Loading bootstrap scope from C:\Program Files\Mozilla Firefox\browser\features\screenshots@mozilla.org.xpi
1513617736520	addons.xpi	DEBUG	Calling bootstrap method install on screenshots@mozilla.org version 19.2.0
1513617736520	addons.xpi-utils	DEBUG	Make addon app-system-defaults:screenshots@mozilla.org visible
1513617736520	addons.xpi	DEBUG	Updating XPIState for {"id":"screenshots@mozilla.org","syncGUID":"{399a2996-6cb8-4493-9265-22d0ed145f0a}","location":"app-system-defaults","version":"19.2.0","type":"extension","internalName":null,"updateURL":null,"updateKey":null,"optionsURL":null,"optionsType":null,"aboutURL":null,"defaultLocale":{"name":"Firefox Screenshots","description":null,"creator":null,"homepageURL":"https://screenshots.firefox.com/"},"visible":true,"active":false,"userDisabled":false,"appDisabled":false,"installDate":1510498102688,"updateDate":1510498102688,"applyBackgroundUpdates":1,"bootstrap":true,"path":"C:\\Program Files\\Mozilla Firefox\\browser\\features\\screenshots@mozilla.org.xpi","skinnable":false,"size":884473,"sourceURI":null,"releaseNotesURI":null,"softDisabled":false,"foreignInstall":false,"hasBinaryComponents":false,"strictCompatibility":false,"locales":[],"targetApplications":[{"id":"{ec8030f7-c20a-464f-9b0e-13a3a9e97384}","minVersion":"57.0a1","maxVersion":"*"}],"targetPlatforms":[],"multiprocessCompatible":true,"seen":true,"dependencies":[],"hasEmbeddedWebExtension":false,"mpcOptedOut":false,"userPermissions":null,"icons":{},"iconURL":null,"icon64URL":null,"blocklistState":0,"blocklistURL":null}
1513617736521	DeferredSave.extensions.json	DEBUG	Save changes
1513617736521	addons.manager	DEBUG	Registering startup change 'installed' for shield-recipe-client@mozilla.org
1513617736521	addons.xpi	DEBUG	Loading bootstrap scope from C:\Program Files\Mozilla Firefox\browser\features\shield-recipe-client@mozilla.org.xpi
1513617736524	addons.xpi	DEBUG	Calling bootstrap method install on shield-recipe-client@mozilla.org version 76.1
1513617736524	addons.xpi-utils	DEBUG	Make addon app-system-defaults:shield-recipe-client@mozilla.org visible
1513617736524	addons.xpi	DEBUG	Updating XPIState for {"id":"shield-recipe-client@mozilla.org","syncGUID":"{7a2c6a9f-8a2a-446b-9c6b-d0b410568ea5}","location":"app-system-defaults","version":"76.1","type":"extension","internalName":null,"updateURL":null,"updateKey":null,"optionsURL":null,"optionsType":null,"aboutURL":null,"defaultLocale":{"name":"Shield Recipe Client","description":"Client to download and run recipes for SHIELD, Heartbeat, etc.","creator":null,"homepageURL":null},"visible":true,"active":false,"userDisabled":false,"appDisabled":false,"installDate":1510498102691,"updateDate":1510498102691,"applyBackgroundUpdates":1,"bootstrap":true,"path":"C:\\Program Files\\Mozilla Firefox\\browser\\features\\shield-recipe-client@mozilla.org.xpi","skinnable":false,"size":364000,"sourceURI":null,"releaseNotesURI":null,"softDisabled":false,"foreignInstall":false,"hasBinaryComponents":false,"strictCompatibility":false,"locales":[],"targetApplications":[{"id":"{ec8030f7-c20a-464f-9b0e-13a3a9e97384}","minVersion":"57.0","maxVersion":"57.*"}],"targetPlatforms":[],"multiprocessCompatible":true,"seen":true,"dependencies":[],"hasEmbeddedWebExtension":false,"mpcOptedOut":false,"userPermissions":null,"icons":{},"iconURL":null,"icon64URL":null,"blocklistState":0,"blocklistURL":null}
1513617736525	DeferredSave.extensions.json	DEBUG	Save changes
1513617736525	addons.manager	DEBUG	Registering startup change 'installed' for webcompat@mozilla.org
1513617736525	addons.xpi	DEBUG	Loading bootstrap scope from C:\Program Files\Mozilla Firefox\browser\features\webcompat@mozilla.org.xpi
1513617736526	addons.xpi	DEBUG	Calling bootstrap method install on webcompat@mozilla.org version 1.1
1513617736526	addons.xpi-utils	DEBUG	Make addon app-system-defaults:webcompat@mozilla.org visible
1513617736526	addons.xpi	DEBUG	Updating XPIState for {"id":"webcompat@mozilla.org","syncGUID":"{d4fedfa5-c246-4e40-ba9c-c398c5ad194a}","location":"app-system-defaults","version":"1.1","type":"extension","internalName":null,"updateURL":null,"updateKey":null,"optionsURL":null,"optionsType":null,"aboutURL":null,"defaultLocale":{"name":"Web Compat","description":"Urgent post-release fixes for web compatibility.","creator":null,"homepageURL":null},"visible":true,"active":false,"userDisabled":false,"appDisabled":false,"installDate":1510498102692,"updateDate":1510498102692,"applyBackgroundUpdates":1,"bootstrap":true,"path":"C:\\Program Files\\Mozilla Firefox\\browser\\features\\webcompat@mozilla.org.xpi","skinnable":false,"size":9266,"sourceURI":null,"releaseNotesURI":null,"softDisabled":false,"foreignInstall":false,"hasBinaryComponents":false,"strictCompatibility":false,"locales":[],"targetApplications":[{"id":"{ec8030f7-c20a-464f-9b0e-13a3a9e97384}","minVersion":"57.0","maxVersion":"57.*"}],"targetPlatforms":[],"multiprocessCompatible":true,"seen":true,"dependencies":[],"hasEmbeddedWebExtension":false,"mpcOptedOut":false,"userPermissions":null,"icons":{},"iconURL":null,"icon64URL":null,"blocklistState":0,"blocklistURL":null}
1513617736527	DeferredSave.extensions.json	DEBUG	Save changes
1513617736527	addons.xpi-utils	DEBUG	Make addon app-global:{972ce4c6-7e08-4474-a285-3208198ce6fd} visible
1513617736528	addons.xpi	DEBUG	Updating XPIState for {"id":"{972ce4c6-7e08-4474-a285-3208198ce6fd}","syncGUID":"{49940fa3-11dc-4574-bf86-5fbeb36d0650}","location":"app-global","version":"57.0","type":"theme","internalName":"classic/1.0","updateURL":null,"updateKey":null,"optionsURL":null,"optionsType":null,"optionsBrowserStyle":null,"aboutURL":null,"defaultLocale":{"name":"Default","description":"The default theme.","creator":"Mozilla","homepageURL":null,"contributors":["Mozilla Contributors"]},"visible":true,"active":false,"userDisabled":false,"appDisabled":false,"installDate":1510498102654,"updateDate":1510498102654,"applyBackgroundUpdates":1,"path":"C:\\Program Files\\Mozilla Firefox\\browser\\extensions\\{972ce4c6-7e08-4474-a285-3208198ce6fd}.xpi","skinnable":true,"size":3348,"sourceURI":null,"releaseNotesURI":null,"softDisabled":false,"foreignInstall":false,"hasBinaryComponents":false,"strictCompatibility":true,"locales":[],"targetApplications":[{"id":"{ec8030f7-c20a-464f-9b0e-13a3a9e97384}","minVersion":"57.0","maxVersion":"57.0"}],"targetPlatforms":[],"seen":true,"dependencies":[],"hasEmbeddedWebExtension":false,"userPermissions":null,"icons":{},"iconURL":"chrome://browser/content/default-theme-icon.svg","icon64URL":null,"blocklistState":0,"blocklistURL":null}
1513617736528	DeferredSave.extensions.json	DEBUG	Save changes
1513617736528	addons.xpi	DEBUG	Updating XPIState for {"id":"activity-stream@mozilla.org","syncGUID":"{10e34623-90c4-48df-b920-3a7ebfbfa9ce}","location":"app-system-defaults","version":"2017.11.07.1100-7f4e3634","type":"extension","internalName":null,"updateURL":null,"updateKey":null,"optionsURL":null,"optionsType":null,"aboutURL":null,"defaultLocale":{"name":"Activity Stream","description":"A rich visual history feed and a reimagined home page make it easier than ever to find exactly what you're looking for in Firefox.","creator":null,"homepageURL":null},"visible":true,"active":true,"userDisabled":false,"appDisabled":false,"installDate":1510498102665,"updateDate":1510498102665,"applyBackgroundUpdates":1,"bootstrap":true,"path":"C:\\Program Files\\Mozilla Firefox\\browser\\features\\activity-stream@mozilla.org.xpi","skinnable":false,"size":1423180,"sourceURI":null,"releaseNotesURI":null,"softDisabled":false,"foreignInstall":false,"hasBinaryComponents":false,"strictCompatibility":false,"locales":[],"targetApplications":[{"id":"{ec8030f7-c20a-464f-9b0e-13a3a9e97384}","minVersion":"57.0","maxVersion":"57.*"}],"targetPlatforms":[],"multiprocessCompatible":true,"seen":true,"dependencies":[],"hasEmbeddedWebExtension":false,"mpcOptedOut":false,"userPermissions":null,"icons":{},"iconURL":null,"icon64URL":null,"blocklistState":0,"blocklistURL":null}
1513617736529	addons.xpi	DEBUG	Updating XPIState for {"id":"aushelper@mozilla.org","syncGUID":"{f008cb1e-40a3-4996-a48c-9cb1889d4cc2}","location":"app-system-defaults","version":"2.0","type":"extension","internalName":null,"updateURL":null,"updateKey":null,"optionsURL":null,"optionsType":null,"aboutURL":null,"defaultLocale":{"name":"Application Update Service Helper","description":"Sets value(s) in the update url based on custom checks.","creator":null,"homepageURL":null},"visible":true,"active":true,"userDisabled":false,"appDisabled":false,"installDate":1510498102666,"updateDate":1510498102666,"applyBackgroundUpdates":1,"bootstrap":true,"path":"C:\\Program Files\\Mozilla Firefox\\browser\\features\\aushelper@mozilla.org.xpi","skinnable":false,"size":8486,"sourceURI":null,"releaseNotesURI":null,"softDisabled":false,"foreignInstall":false,"hasBinaryComponents":false,"strictCompatibility":false,"locales":[],"targetApplications":[{"id":"{ec8030f7-c20a-464f-9b0e-13a3a9e97384}","minVersion":"57.0","maxVersion":"57.*"}],"targetPlatforms":[],"multiprocessCompatible":true,"seen":true,"dependencies":[],"hasEmbeddedWebExtension":false,"mpcOptedOut":false,"userPermissions":null,"icons":{},"iconURL":null,"icon64URL":null,"blocklistState":0,"blocklistURL":null}
1513617736529	addons.xpi	DEBUG	Updating XPIState for {"id":"e10srollout@mozilla.org","syncGUID":"{219fc298-d5e0-4d02-a8b9-aeee808daa3e}","location":"app-system-defaults","version":"3.05","type":"extension","internalName":null,"updateURL":null,"updateKey":null,"optionsURL":null,"optionsType":null,"aboutURL":null,"defaultLocale":{"name":"Multi-process staged rollout","description":"Staged rollout of Firefox multi-process feature.","creator":null,"homepageURL":null},"visible":true,"active":true,"userDisabled":false,"appDisabled":false,"installDate":1510498102666,"updateDate":1510498102666,"applyBackgroundUpdates":1,"bootstrap":true,"path":"C:\\Program Files\\Mozilla Firefox\\browser\\features\\e10srollout@mozilla.org.xpi","skinnable":false,"size":13477,"sourceURI":null,"releaseNotesURI":null,"softDisabled":false,"foreignInstall":false,"hasBinaryComponents":false,"strictCompatibility":false,"locales":[],"targetApplications":[{"id":"{ec8030f7-c20a-464f-9b0e-13a3a9e97384}","minVersion":"57.0","maxVersion":"57.*"}],"targetPlatforms":[],"multiprocessCompatible":true,"seen":true,"dependencies":[],"hasEmbeddedWebExtension":false,"mpcOptedOut":false,"userPermissions":null,"icons":{},"iconURL":null,"icon64URL":null,"blocklistState":0,"blocklistURL":null}
1513617736529	addons.xpi	DEBUG	Updating XPIState for {"id":"firefox@getpocket.com","syncGUID":"{b097d2fb-ddee-487a-aeae-8441871f1e90}","location":"app-system-defaults","version":"1.0.5","type":"extension","internalName":null,"updateURL":null,"updateKey":null,"optionsURL":null,"optionsType":null,"aboutURL":null,"defaultLocale":{"name":"Pocket","description":"When you find something you want to view later, put it in Pocket.","creator":null,"homepageURL":null},"visible":true,"active":true,"userDisabled":false,"appDisabled":false,"installDate":1510498102672,"updateDate":1510498102672,"applyBackgroundUpdates":1,"bootstrap":true,"path":"C:\\Program Files\\Mozilla Firefox\\browser\\features\\firefox@getpocket.com.xpi","skinnable":false,"size":914806,"sourceURI":null,"releaseNotesURI":null,"softDisabled":false,"foreignInstall":false,"hasBinaryComponents":false,"strictCompatibility":false,"locales":[],"targetApplications":[{"id":"{ec8030f7-c20a-464f-9b0e-13a3a9e97384}","minVersion":"57.0","maxVersion":"57.*"}],"targetPlatforms":[],"multiprocessCompatible":true,"seen":true,"dependencies":[],"hasEmbeddedWebExtension":false,"mpcOptedOut":false,"userPermissions":null,"icons":{},"iconURL":null,"icon64URL":null,"blocklistState":0,"blocklistURL":null}
1513617736529	addons.xpi	DEBUG	Updating XPIState for {"id":"followonsearch@mozilla.com","syncGUID":"{dca40dbc-6fb5-4e4b-9928-f1f86391e641}","location":"app-system-defaults","version":"0.9.6","type":"extension","internalName":null,"updateURL":null,"updateKey":null,"optionsURL":null,"optionsType":null,"aboutURL":null,"defaultLocale":{"name":"Follow-on Search Telemetry","description":null,"creator":null,"homepageURL":null},"visible":true,"active":true,"userDisabled":false,"appDisabled":false,"installDate":1510498102674,"updateDate":1510498102674,"applyBackgroundUpdates":1,"bootstrap":true,"path":"C:\\Program Files\\Mozilla Firefox\\browser\\features\\followonsearch@mozilla.com.xpi","skinnable":false,"size":18625,"sourceURI":null,"releaseNotesURI":null,"softDisabled":false,"foreignInstall":false,"hasBinaryComponents":false,"strictCompatibility":false,"locales":[],"targetApplications":[{"id":"{ec8030f7-c20a-464f-9b0e-13a3a9e97384}","minVersion":"52.0","maxVersion":"59.*"}],"targetPlatforms":[],"multiprocessCompatible":true,"seen":true,"dependencies":[],"hasEmbeddedWebExtension":false,"mpcOptedOut":false,"userPermissions":null,"icons":{},"iconURL":null,"icon64URL":null,"blocklistState":0,"blocklistURL":null}
1513617736529	addons.xpi	DEBUG	Updating XPIState for {"id":"formautofill@mozilla.org","syncGUID":"{37d64132-db71-47be-9c19-f9cbb4549a5e}","location":"app-system-defaults","version":"1.0","type":"extension","internalName":null,"updateURL":null,"updateKey":null,"optionsURL":null,"optionsType":null,"aboutURL":null,"defaultLocale":{"name":"Form Autofill","description":"Autofill forms with saved profiles","creator":null,"homepageURL":null},"visible":true,"active":true,"userDisabled":false,"appDisabled":false,"installDate":1510498102677,"updateDate":1510498102677,"applyBackgroundUpdates":1,"bootstrap":true,"path":"C:\\Program Files\\Mozilla Firefox\\browser\\features\\formautofill@mozilla.org.xpi","skinnable":false,"size":380179,"sourceURI":null,"releaseNotesURI":null,"softDisabled":false,"foreignInstall":false,"hasBinaryComponents":false,"strictCompatibility":false,"locales":[],"targetApplications":[{"id":"{ec8030f7-c20a-464f-9b0e-13a3a9e97384}","minVersion":"57.0","maxVersion":"57.*"}],"targetPlatforms":[],"multiprocessCompatible":true,"seen":true,"dependencies":[],"hasEmbeddedWebExtension":false,"mpcOptedOut":false,"userPermissions":null,"icons":{},"iconURL":null,"icon64URL":null,"blocklistState":0,"blocklistURL":null}
1513617736529	addons.xpi	DEBUG	Updating XPIState for {"id":"onboarding@mozilla.org","syncGUID":"{9b3cc7af-ea91-47c9-8903-8b459e533d90}","location":"app-system-defaults","version":"1.0","type":"extension","internalName":null,"updateURL":null,"updateKey":null,"optionsURL":null,"optionsType":null,"aboutURL":null,"defaultLocale":{"name":"Photon onboarding","description":"Photon onboarding","creator":null,"homepageURL":null},"visible":true,"active":true,"userDisabled":false,"appDisabled":false,"installDate":1510498102681,"updateDate":1510498102681,"applyBackgroundUpdates":1,"bootstrap":true,"path":"C:\\Program Files\\Mozilla Firefox\\browser\\features\\onboarding@mozilla.org.xpi","skinnable":false,"size":550104,"sourceURI":null,"releaseNotesURI":null,"softDisabled":false,"foreignInstall":false,"hasBinaryComponents":false,"strictCompatibility":false,"locales":[],"targetApplications":[{"id":"{ec8030f7-c20a-464f-9b0e-13a3a9e97384}","minVersion":"57.0","maxVersion":"57.*"}],"targetPlatforms":[],"multiprocessCompatible":true,"seen":true,"dependencies":[],"hasEmbeddedWebExtension":false,"mpcOptedOut":false,"userPermissions":null,"icons":{},"iconURL":null,"icon64URL":null,"blocklistState":0,"blocklistURL":null}
1513617736529	addons.xpi	DEBUG	Updating XPIState for {"id":"screenshots@mozilla.org","syncGUID":"{399a2996-6cb8-4493-9265-22d0ed145f0a}","location":"app-system-defaults","version":"19.2.0","type":"extension","internalName":null,"updateURL":null,"updateKey":null,"optionsURL":null,"optionsType":null,"aboutURL":null,"defaultLocale":{"name":"Firefox Screenshots","description":null,"creator":null,"homepageURL":"https://screenshots.firefox.com/"},"visible":true,"active":true,"userDisabled":false,"appDisabled":false,"installDate":1510498102688,"updateDate":1510498102688,"applyBackgroundUpdates":1,"bootstrap":true,"path":"C:\\Program Files\\Mozilla Firefox\\browser\\features\\screenshots@mozilla.org.xpi","skinnable":false,"size":884473,"sourceURI":null,"releaseNotesURI":null,"softDisabled":false,"foreignInstall":false,"hasBinaryComponents":false,"strictCompatibility":false,"locales":[],"targetApplications":[{"id":"{ec8030f7-c20a-464f-9b0e-13a3a9e97384}","minVersion":"57.0a1","maxVersion":"*"}],"targetPlatforms":[],"multiprocessCompatible":true,"seen":true,"dependencies":[],"hasEmbeddedWebExtension":false,"mpcOptedOut":false,"userPermissions":null,"icons":{},"iconURL":null,"icon64URL":null,"blocklistState":0,"blocklistURL":null}
1513617736530	addons.xpi	DEBUG	Updating XPIState for {"id":"shield-recipe-client@mozilla.org","syncGUID":"{7a2c6a9f-8a2a-446b-9c6b-d0b410568ea5}","location":"app-system-defaults","version":"76.1","type":"extension","internalName":null,"updateURL":null,"updateKey":null,"optionsURL":null,"optionsType":null,"aboutURL":null,"defaultLocale":{"name":"Shield Recipe Client","description":"Client to download and run recipes for SHIELD, Heartbeat, etc.","creator":null,"homepageURL":null},"visible":true,"active":true,"userDisabled":false,"appDisabled":false,"installDate":1510498102691,"updateDate":1510498102691,"applyBackgroundUpdates":1,"bootstrap":true,"path":"C:\\Program Files\\Mozilla Firefox\\browser\\features\\shield-recipe-client@mozilla.org.xpi","skinnable":false,"size":364000,"sourceURI":null,"releaseNotesURI":null,"softDisabled":false,"foreignInstall":false,"hasBinaryComponents":false,"strictCompatibility":false,"locales":[],"targetApplications":[{"id":"{ec8030f7-c20a-464f-9b0e-13a3a9e97384}","minVersion":"57.0","maxVersion":"57.*"}],"targetPlatforms":[],"multiprocessCompatible":true,"seen":true,"dependencies":[],"hasEmbeddedWebExtension":false,"mpcOptedOut":false,"userPermissions":null,"icons":{},"iconURL":null,"icon64URL":null,"blocklistState":0,"blocklistURL":null}
1513617736530	addons.xpi	DEBUG	Updating XPIState for {"id":"webcompat@mozilla.org","syncGUID":"{d4fedfa5-c246-4e40-ba9c-c398c5ad194a}","location":"app-system-defaults","version":"1.1","type":"extension","internalName":null,"updateURL":null,"updateKey":null,"optionsURL":null,"optionsType":null,"aboutURL":null,"defaultLocale":{"name":"Web Compat","description":"Urgent post-release fixes for web compatibility.","creator":null,"homepageURL":null},"visible":true,"active":true,"userDisabled":false,"appDisabled":false,"installDate":1510498102692,"updateDate":1510498102692,"applyBackgroundUpdates":1,"bootstrap":true,"path":"C:\\Program Files\\Mozilla Firefox\\browser\\features\\webcompat@mozilla.org.xpi","skinnable":false,"size":9266,"sourceURI":null,"releaseNotesURI":null,"softDisabled":false,"foreignInstall":false,"hasBinaryComponents":false,"strictCompatibility":false,"locales":[],"targetApplications":[{"id":"{ec8030f7-c20a-464f-9b0e-13a3a9e97384}","minVersion":"57.0","maxVersion":"57.*"}],"targetPlatforms":[],"multiprocessCompatible":true,"seen":true,"dependencies":[],"hasEmbeddedWebExtension":false,"mpcOptedOut":false,"userPermissions":null,"icons":{},"iconURL":null,"icon64URL":null,"blocklistState":0,"blocklistURL":null}
1513617736530	addons.xpi	DEBUG	Updating XPIState for {"id":"{972ce4c6-7e08-4474-a285-3208198ce6fd}","syncGUID":"{49940fa3-11dc-4574-bf86-5fbeb36d0650}","location":"app-global","version":"57.0","type":"theme","internalName":"classic/1.0","updateURL":null,"updateKey":null,"optionsURL":null,"optionsType":null,"optionsBrowserStyle":null,"aboutURL":null,"defaultLocale":{"name":"Default","description":"The default theme.","creator":"Mozilla","homepageURL":null,"contributors":["Mozilla Contributors"]},"visible":true,"active":true,"userDisabled":false,"appDisabled":false,"installDate":1510498102654,"updateDate":1510498102654,"applyBackgroundUpdates":1,"path":"C:\\Program Files\\Mozilla Firefox\\browser\\extensions\\{972ce4c6-7e08-4474-a285-3208198ce6fd}.xpi","skinnable":true,"size":3348,"sourceURI":null,"releaseNotesURI":null,"softDisabled":false,"foreignInstall":false,"hasBinaryComponents":false,"strictCompatibility":true,"locales":[],"targetApplications":[{"id":"{ec8030f7-c20a-464f-9b0e-13a3a9e97384}","minVersion":"57.0","maxVersion":"57.0"}],"targetPlatforms":[],"seen":true,"dependencies":[],"hasEmbeddedWebExtension":false,"userPermissions":null,"icons":{},"iconURL":"chrome://browser/content/default-theme-icon.svg","icon64URL":null,"blocklistState":0,"blocklistURL":null}
1513617736530	DeferredSave.extensions.json	DEBUG	Save changes
1513617736530	addons.xpi	DEBUG	Updating database with changes to installed add-ons
1513617736530	addons.xpi-utils	DEBUG	Updating add-on states
1513617736534	addons.xpi	DEBUG	Registering manifest for C:\Program Files\Mozilla Firefox\browser\features\activity-stream@mozilla.org.xpi
1513617736535	addons.xpi	DEBUG	Calling bootstrap method startup on activity-stream@mozilla.org version 2017.11.07.1100-7f4e3634
1513617736535	addons.xpi	DEBUG	Registering manifest for C:\Program Files\Mozilla Firefox\browser\features\aushelper@mozilla.org.xpi
1513617736536	addons.xpi	DEBUG	Calling bootstrap method startup on aushelper@mozilla.org version 2.0
1513617736536	addons.xpi	DEBUG	Registering manifest for C:\Program Files\Mozilla Firefox\browser\features\e10srollout@mozilla.org.xpi
1513617736537	addons.xpi	DEBUG	Calling bootstrap method startup on e10srollout@mozilla.org version 3.05
1513617736537	addons.xpi	DEBUG	Registering manifest for C:\Program Files\Mozilla Firefox\browser\features\firefox@getpocket.com.xpi
1513617736537	addons.xpi	DEBUG	Calling bootstrap method startup on firefox@getpocket.com version 1.0.5
1513617736546	addons.xpi	DEBUG	Registering manifest for C:\Program Files\Mozilla Firefox\browser\features\followonsearch@mozilla.com.xpi
1513617736547	addons.xpi	DEBUG	Calling bootstrap method startup on followonsearch@mozilla.com version 0.9.6
1513617736547	addons.xpi	DEBUG	Registering manifest for C:\Program Files\Mozilla Firefox\browser\features\formautofill@mozilla.org.xpi
1513617736548	addons.xpi	DEBUG	Calling bootstrap method startup on formautofill@mozilla.org version 1.0
1513617736548	addons.xpi	DEBUG	Registering manifest for C:\Program Files\Mozilla Firefox\browser\features\onboarding@mozilla.org.xpi
1513617736548	addons.xpi	DEBUG	Calling bootstrap method startup on onboarding@mozilla.org version 1.0
1513617736548	addons.xpi	DEBUG	Registering manifest for C:\Program Files\Mozilla Firefox\browser\features\screenshots@mozilla.org.xpi
1513617736549	addons.xpi	DEBUG	Calling bootstrap method startup on screenshots@mozilla.org version 19.2.0
1513617736549	addons.xpi	DEBUG	Registering manifest for C:\Program Files\Mozilla Firefox\browser\features\shield-recipe-client@mozilla.org.xpi
1513617736549	addons.xpi	DEBUG	Calling bootstrap method startup on shield-recipe-client@mozilla.org version 76.1
1513617736554	addons.xpi	DEBUG	Registering manifest for C:\Program Files\Mozilla Firefox\browser\features\webcompat@mozilla.org.xpi
1513617736554	addons.xpi	DEBUG	Calling bootstrap method startup on webcompat@mozilla.org version 1.1
1513617736556	addons.manager	DEBUG	Registering shutdown blocker for XPIProvider
1513617736556	addons.manager	DEBUG	Provider finished startup: XPIProvider
1513617736556	addons.manager	DEBUG	Starting provider: LightweightThemeManager
1513617736556	addons.manager	DEBUG	Registering shutdown blocker for LightweightThemeManager
1513617736557	addons.manager	DEBUG	Provider finished startup: LightweightThemeManager
1513617736557	addons.manager	DEBUG	Starting provider: GMPProvider
1513617736562	addons.manager	DEBUG	Registering shutdown blocker for GMPProvider
1513617736562	addons.manager	DEBUG	Provider finished startup: GMPProvider
1513617736562	addons.manager	DEBUG	Starting provider: PluginProvider
1513617736562	addons.manager	DEBUG	Registering shutdown blocker for PluginProvider
1513617736563	addons.manager	DEBUG	Provider finished startup: PluginProvider
1513617736563	addons.manager	DEBUG	Completed startup sequence
1513617736697	Marionette	INFO	Enabled via --marionette
1513617737242	addons.manager	DEBUG	Starting provider: PreviousExperimentProvider
1513617737242	addons.manager	DEBUG	Registering shutdown blocker for PreviousExperimentProvider
1513617737242	addons.manager	DEBUG	Provider finished startup: PreviousExperimentProvider
1513617737933	DeferredSave.extensions.json	DEBUG	Starting write
Unable to read VR Path Registry from C:\Users\Raphael Damasceno\AppData\Local\openvr\openvrpaths.vrpath
[Parent 11968, Gecko_IOThread] WARNING: pipe error: 109: file z:/build/build/src/ipc/chromium/src/chrome/common/ipc_channel_win.cc, line 346
Unable to read VR Path Registry from C:\Users\Raphael Damasceno\AppData\Local\openvr\openvrpaths.vrpath
[Child 9008, Chrome_ChildThread] WARNING: pipe error: 109: file z:/build/build/src/ipc/chromium/src/chrome/common/ipc_channel_win.cc, line 346
[Child 9008, Chrome_ChildThread] WARNING: pipe error: 109: file z:/build/build/src/ipc/chromium/src/chrome/common/ipc_channel_win.cc, line 346
1513617737971	DeferredSave.webext.sc.lz4	DEBUG	Save changes
1513617737971	DeferredSave.webext.sc.lz4	DEBUG	Starting timer
1513617738034	DeferredSave.webext.sc.lz4	DEBUG	Save changes
1513617738054	DeferredSave.webext.sc.lz4	DEBUG	Save changes
1513617738055	DeferredSave.webext.sc.lz4	DEBUG	Save changes
1513617738055	DeferredSave.webext.sc.lz4	DEBUG	Save changes
1513617738055	DeferredSave.webext.sc.lz4	DEBUG	Save changes
1513617738057	DeferredSave.webext.sc.lz4	DEBUG	Save changes
1513617738058	DeferredSave.webext.sc.lz4	DEBUG	Save changes
1513617738058	DeferredSave.webext.sc.lz4	DEBUG	Save changes
1513617738059	DeferredSave.webext.sc.lz4	DEBUG	Save changes
1513617738060	DeferredSave.webext.sc.lz4	DEBUG	Save changes
1513617738060	DeferredSave.webext.sc.lz4	DEBUG	Save changes
1513617738061	DeferredSave.webext.sc.lz4	DEBUG	Save changes
1513617738061	DeferredSave.webext.sc.lz4	DEBUG	Save changes
1513617738062	DeferredSave.webext.sc.lz4	DEBUG	Save changes
1513617738062	DeferredSave.webext.sc.lz4	DEBUG	Save changes
1513617738063	DeferredSave.webext.sc.lz4	DEBUG	Save changes
1513617738064	DeferredSave.webext.sc.lz4	DEBUG	Save changes
1513617738065	DeferredSave.webext.sc.lz4	DEBUG	Save changes
1513617738065	DeferredSave.webext.sc.lz4	DEBUG	Save changes
1513617738066	DeferredSave.webext.sc.lz4	DEBUG	Save changes
1513617738066	DeferredSave.webext.sc.lz4	DEBUG	Save changes
1513617738067	DeferredSave.webext.sc.lz4	DEBUG	Save changes
1513617738067	DeferredSave.webext.sc.lz4	DEBUG	Save changes
1513617738070	DeferredSave.webext.sc.lz4	DEBUG	Save changes
1513617738070	DeferredSave.webext.sc.lz4	DEBUG	Save changes
1513617738071	DeferredSave.webext.sc.lz4	DEBUG	Save changes
1513617738071	DeferredSave.webext.sc.lz4	DEBUG	Save changes
1513617738072	DeferredSave.webext.sc.lz4	DEBUG	Save changes
1513617738072	DeferredSave.webext.sc.lz4	DEBUG	Save changes
1513617738072	DeferredSave.webext.sc.lz4	DEBUG	Save changes
1513617738073	DeferredSave.webext.sc.lz4	DEBUG	Save changes
1513617738074	DeferredSave.webext.sc.lz4	DEBUG	Save changes
1513617738074	DeferredSave.webext.sc.lz4	DEBUG	Save changes
1513617738075	DeferredSave.webext.sc.lz4	DEBUG	Save changes
1513617738076	DeferredSave.webext.sc.lz4	DEBUG	Save changes
1513617738076	DeferredSave.webext.sc.lz4	DEBUG	Save changes
1513617738077	DeferredSave.webext.sc.lz4	DEBUG	Save changes
1513617738078	DeferredSave.webext.sc.lz4	DEBUG	Save changes
1513617738078	DeferredSave.webext.sc.lz4	DEBUG	Save changes
1513617738078	DeferredSave.webext.sc.lz4	DEBUG	Save changes
1513617738079	DeferredSave.webext.sc.lz4	DEBUG	Save changes
1513617738079	DeferredSave.webext.sc.lz4	DEBUG	Save changes
1513617738081	DeferredSave.webext.sc.lz4	DEBUG	Save changes
1513617738082	DeferredSave.webext.sc.lz4	DEBUG	Save changes
1513617738083	DeferredSave.webext.sc.lz4	DEBUG	Save changes
1513617738084	DeferredSave.webext.sc.lz4	DEBUG	Save changes
1513617738085	DeferredSave.webext.sc.lz4	DEBUG	Save changes
1513617738085	DeferredSave.webext.sc.lz4	DEBUG	Save changes
1513617738086	DeferredSave.webext.sc.lz4	DEBUG	Save changes
1513617738087	DeferredSave.webext.sc.lz4	DEBUG	Save changes
1513617738089	DeferredSave.webext.sc.lz4	DEBUG	Save changes
1513617738091	DeferredSave.extensions.json	DEBUG	Write succeeded
1513617738091	addons.xpi-utils	DEBUG	XPI Database saved, setting schema version preference to 23
1513617738093	DeferredSave.webext.sc.lz4	DEBUG	Save changes
1513617738118	DeferredSave.webext.sc.lz4	DEBUG	Save changes
1513617738119	DeferredSave.webext.sc.lz4	DEBUG	Save changes
1513617738217	addons.xpi	INFO	Mapping activity-stream@mozilla.org to C:\Program Files\Mozilla Firefox\browser\features\activity-stream@mozilla.org.xpi
1513617738217	addons.xpi	INFO	Mapping aushelper@mozilla.org to C:\Program Files\Mozilla Firefox\browser\features\aushelper@mozilla.org.xpi
1513617738217	addons.xpi	INFO	Mapping e10srollout@mozilla.org to C:\Program Files\Mozilla Firefox\browser\features\e10srollout@mozilla.org.xpi
1513617738217	addons.xpi	INFO	Mapping firefox@getpocket.com to C:\Program Files\Mozilla Firefox\browser\features\firefox@getpocket.com.xpi
1513617738217	addons.xpi	INFO	Mapping followonsearch@mozilla.com to C:\Program Files\Mozilla Firefox\browser\features\followonsearch@mozilla.com.xpi
1513617738217	addons.xpi	INFO	Mapping formautofill@mozilla.org to C:\Program Files\Mozilla Firefox\browser\features\formautofill@mozilla.org.xpi
1513617738217	addons.xpi	INFO	Mapping onboarding@mozilla.org to C:\Program Files\Mozilla Firefox\browser\features\onboarding@mozilla.org.xpi
1513617738217	addons.xpi	INFO	Mapping screenshots@mozilla.org to C:\Program Files\Mozilla Firefox\browser\features\screenshots@mozilla.org.xpi
1513617738217	addons.xpi	INFO	Mapping shield-recipe-client@mozilla.org to C:\Program Files\Mozilla Firefox\browser\features\shield-recipe-client@mozilla.org.xpi
1513617738217	addons.xpi	INFO	Mapping webcompat@mozilla.org to C:\Program Files\Mozilla Firefox\browser\features\webcompat@mozilla.org.xpi
1513617738218	addons.xpi	DEBUG	Existing add-on activity-stream@mozilla.org in app-system-defaults
1513617738218	addons.xpi	DEBUG	Existing add-on aushelper@mozilla.org in app-system-defaults
1513617738218	addons.xpi	DEBUG	Existing add-on e10srollout@mozilla.org in app-system-defaults
1513617738218	addons.xpi	DEBUG	Existing add-on firefox@getpocket.com in app-system-defaults
1513617738219	addons.xpi	DEBUG	Existing add-on followonsearch@mozilla.com in app-system-defaults
1513617738219	addons.xpi	DEBUG	Existing add-on formautofill@mozilla.org in app-system-defaults
1513617738219	addons.xpi	DEBUG	Existing add-on onboarding@mozilla.org in app-system-defaults
1513617738219	addons.xpi	DEBUG	Existing add-on screenshots@mozilla.org in app-system-defaults
1513617738219	addons.xpi	DEBUG	Existing add-on shield-recipe-client@mozilla.org in app-system-defaults
1513617738220	addons.xpi	DEBUG	Existing add-on webcompat@mozilla.org in app-system-defaults
1513617738220	addons.xpi	INFO	Mapping {972ce4c6-7e08-4474-a285-3208198ce6fd} to C:\Program Files\Mozilla Firefox\browser\extensions\{972ce4c6-7e08-4474-a285-3208198ce6fd}.xpi
1513617738220	addons.xpi	DEBUG	Existing add-on {972ce4c6-7e08-4474-a285-3208198ce6fd} in app-global
1513617738220	addons.xpi	DEBUG	getInstallState changed: false, state: {}
1513617738503	Marionette	INFO	Listening on port 54881
1513617738608	Marionette	WARN	TLS certificate errors will be ignored for this session
1513617738681	Marionette	DEBUG	Register listener.js for window 4294967297
1513617738766	Marionette	DEBUG	Received DOM event "beforeunload" for "about:blank"
1513617740615	Marionette	DEBUG	Received DOM event "pagehide" for "about:blank"
1513617740615	Marionette	DEBUG	Received DOM event "unload" for "about:blank"
1513617741844	Marionette	DEBUG	Received DOM event "DOMContentLoaded" for "https://test.newblims.com/?portal_menu_item_id=WEB_LOGIN&portal_return_url=0f8b9202-5b18-4a32-a22c-9147b092e579"
1513617742488	Marionette	DEBUG	Received DOM event "pageshow" for "https://test.newblims.com/?portal_menu_item_id=WEB_LOGIN&portal_return_url=0f8b9202-5b18-4a32-a22c-9147b092e579"
1513617742927	addons.xpi	DEBUG	Calling bootstrap method shutdown on webcompat@mozilla.org version 1.1
1513617742927	addons.xpi	DEBUG	Calling bootstrap method shutdown on shield-recipe-client@mozilla.org version 76.1
1513617742928	addons.xpi	DEBUG	Calling bootstrap method shutdown on screenshots@mozilla.org version 19.2.0
1513617742931	addons.xpi	DEBUG	Calling bootstrap method shutdown on onboarding@mozilla.org version 1.0
1513617742931	addons.xpi	DEBUG	Calling bootstrap method shutdown on formautofill@mozilla.org version 1.0
1513617742931	addons.xpi	DEBUG	Calling bootstrap method shutdown on followonsearch@mozilla.com version 0.9.6
1513617742932	addons.xpi	DEBUG	Calling bootstrap method shutdown on firefox@getpocket.com version 1.0.5
1513617742932	addons.xpi	DEBUG	Calling bootstrap method shutdown on e10srollout@mozilla.org version 3.05
1513617742932	addons.xpi	DEBUG	Calling bootstrap method shutdown on aushelper@mozilla.org version 2.0
1513617742932	addons.xpi	DEBUG	Calling bootstrap method shutdown on activity-stream@mozilla.org version 2017.11.07.1100-7f4e3634
